2022-04-11 09:06:41,373 INFO client.py Запущен клиент с парамертами: адрес сервера: 127.0.0.1 , порт: 7000, имя пользователя: max
2022-04-11 09:06:41,374 DEBUG client.py Сформировано presence сообщение для пользователя max
2022-04-11 09:06:41,876 DEBUG client.py Разбор приветственного сообщения от сервера: {'response': 200}
2022-04-11 09:06:41,876 INFO client.py Установлено соединение с сервером. Ответ сервера: 200 : OK
2022-04-11 09:06:41,877 DEBUG client.py Запущены процессы
2022-04-11 09:07:06,711 DEBUG client.py Сформирован словарь сообщения: {'action': 'message', 'from': 'max', 'to': 'max', 'time': 1649657226.711048, 'mess_text': 'Привет, Макс!'}
2022-04-11 09:07:06,711 INFO client.py Отправлено сообщение для пользователя max
2022-04-11 09:07:06,905 INFO client.py Получено сообщение от пользователя max:
Привет, Макс!
2022-04-11 09:07:26,263 INFO client.py Завершение работы по команде пользователя.
2022-04-15 13:17:50,351 INFO client.py Запущен клиент с парамертами: адрес сервера: 127.0.0.1 , порт: 7000, имя пользователя: max
2022-04-15 13:17:50,351 DEBUG client.py Сформировано presence сообщение для пользователя max
2022-04-15 13:17:50,880 DEBUG client.py Разбор приветственного сообщения от сервера: {'response': 200}
2022-04-15 13:17:50,880 INFO client.py Установлено соединение с сервером. Ответ сервера: 200 : OK
2022-04-15 13:17:50,881 DEBUG client.py Запущены процессы
2022-04-15 13:18:10,048 DEBUG client.py Сформирован словарь сообщения: {'action': 'message', 'from': 'max', 'to': 'ПРИПИППИПИППИ', 'time': 1650017890.0480692, 'mess_text': ''}
2022-04-15 13:18:10,048 INFO client.py Отправлено сообщение для пользователя ПРИПИППИПИППИ
2022-04-15 13:18:24,672 DEBUG client.py Сформирован словарь сообщения: {'action': 'message', 'from': 'max', 'to': 'max', 'time': 1650017904.6721227, 'mess_text': 'MAX'}
2022-04-15 13:18:24,672 INFO client.py Отправлено сообщение для пользователя max
2022-04-15 13:18:24,922 INFO client.py Получено сообщение от пользователя max:
MAX
